-------------------------------------------------------------------------------
Test set: se.iths.testSuites.RegressionTestSuite
-------------------------------------------------------------------------------
Tests run: 382, Failures: 8, Errors: 2, Skipped: 3, Time elapsed: 458.25 sec <<< FAILURE!
And I input "4" in the response form and press the Learn button(Scenario: LearnNextResponse without paramaters)  Time elapsed: 0.014 sec  <<< ERROR!
org.openqa.selenium.NoSuchElementException: no such element: Unable to locate element: {"method":"xpath","selector":"/html/body/form/textarea"}
  (Session info: chrome=66.0.3359.139)
  (Driver info: chromedriver=2.38.552522 (437e6fbedfa8762dec75e2c5b3ddb86763dc9dcb),platform=Windows NT 10.0.16299 x86_64) (WARNING: The server did not provide any stacktrace information)
Command duration or timeout: 0 milliseconds
For documentation on this error, please visit: http://seleniumhq.org/exceptions/no_such_element.html
Build info: version: '3.11.0', revision: 'e59cfb3', time: '2018-03-11T20:26:55.152Z'
System info: host: 'LAPTOP-1A0S11AO', ip: '192.168.1.95', os.name: 'Windows 10', os.arch: 'amd64', os.version: '10.0', java.version: '1.8.0_144'
Driver info: org.openqa.selenium.chrome.ChromeDriver
Capabilities {acceptInsecureCerts: false, acceptSslCerts: false, applicationCacheEnabled: false, browserConnectionEnabled: false, browserName: chrome, chrome: {chromedriverVersion: 2.38.552522 (437e6fbedfa876..., userDataDir: C:\Users\LARSS_~1\AppData\L...}, cssSelectorsEnabled: true, databaseEnabled: false, handlesAlerts: true, hasTouchScreen: false, javascriptEnabled: true, locationContextEnabled: true, mobileEmulationEnabled: false, nativeEvents: true, networkConnectionEnabled: false, pageLoadStrategy: normal, platform: XP, platformName: XP, rotatable: false, setWindowRect: true, takesHeapSnapshot: true, takesScreenshot: true, unexpectedAlertBehaviour: , unhandledPromptBehavior: , version: 66.0.3359.139, webStorageEnabled: true}
Session ID: d062ea00cf71ba3f9aa3bdc0bf1d38c5
*** Element info: {Using=xpath, value=/html/body/form/textarea}
	at sun.reflect.NativeConstructorAccessorImpl.newInstance0(Native Method)
	at sun.reflect.NativeConstructorAccessorImpl.newInstance(NativeConstructorAccessorImpl.java:62)
	at sun.reflect.DelegatingConstructorAccessorImpl.newInstance(DelegatingConstructorAccessorImpl.java:45)
	at java.lang.reflect.Constructor.newInstance(Constructor.java:423)
	at org.openqa.selenium.remote.ErrorHandler.createThrowable(ErrorHandler.java:214)
	at org.openqa.selenium.remote.ErrorHandler.throwIfResponseFailed(ErrorHandler.java:166)
	at org.openqa.selenium.remote.http.JsonHttpResponseCodec.reconstructValue(JsonHttpResponseCodec.java:40)
	at org.openqa.selenium.remote.http.AbstractHttpResponseCodec.decode(AbstractHttpResponseCodec.java:80)
	at org.openqa.selenium.remote.http.AbstractHttpResponseCodec.decode(AbstractHttpResponseCodec.java:44)
	at org.openqa.selenium.remote.HttpCommandExecutor.execute(HttpCommandExecutor.java:158)
	at org.openqa.selenium.remote.service.DriverCommandExecutor.execute(DriverCommandExecutor.java:83)
	at org.openqa.selenium.remote.RemoteWebDriver.execute(RemoteWebDriver.java:545)
	at org.openqa.selenium.remote.RemoteWebDriver.findElement(RemoteWebDriver.java:319)
	at org.openqa.selenium.remote.RemoteWebDriver.findElementByXPath(RemoteWebDriver.java:421)
	at org.openqa.selenium.By$ByXPath.findElement(By.java:361)
	at org.openqa.selenium.remote.RemoteWebDriver.findElement(RemoteWebDriver.java:311)
	at se.iths.helpers.MimicGuiSelenium.sendText(MimicGuiSelenium.java:35)
	at se.iths.stepDefs.SeleniumStepDef.i_input_in_the_response_form_and_press_learn(SeleniumStepDef.java:71)
	at ?.And I input "4" in the response form and press the Learn button(se/iths/testGUI/GuiLearnNextResponse.feature:10)

Scenario: LearnNextResponse without paramaters  Time elapsed: 0.015 sec  <<< ERROR!
org.openqa.selenium.NoSuchElementException: no such element: Unable to locate element: {"method":"xpath","selector":"/html/body/form/textarea"}
  (Session info: chrome=66.0.3359.139)
  (Driver info: chromedriver=2.38.552522 (437e6fbedfa8762dec75e2c5b3ddb86763dc9dcb),platform=Windows NT 10.0.16299 x86_64) (WARNING: The server did not provide any stacktrace information)
Command duration or timeout: 0 milliseconds
For documentation on this error, please visit: http://seleniumhq.org/exceptions/no_such_element.html
Build info: version: '3.11.0', revision: 'e59cfb3', time: '2018-03-11T20:26:55.152Z'
System info: host: 'LAPTOP-1A0S11AO', ip: '192.168.1.95', os.name: 'Windows 10', os.arch: 'amd64', os.version: '10.0', java.version: '1.8.0_144'
Driver info: org.openqa.selenium.chrome.ChromeDriver
Capabilities {acceptInsecureCerts: false, acceptSslCerts: false, applicationCacheEnabled: false, browserConnectionEnabled: false, browserName: chrome, chrome: {chromedriverVersion: 2.38.552522 (437e6fbedfa876..., userDataDir: C:\Users\LARSS_~1\AppData\L...}, cssSelectorsEnabled: true, databaseEnabled: false, handlesAlerts: true, hasTouchScreen: false, javascriptEnabled: true, locationContextEnabled: true, mobileEmulationEnabled: false, nativeEvents: true, networkConnectionEnabled: false, pageLoadStrategy: normal, platform: XP, platformName: XP, rotatable: false, setWindowRect: true, takesHeapSnapshot: true, takesScreenshot: true, unexpectedAlertBehaviour: , unhandledPromptBehavior: , version: 66.0.3359.139, webStorageEnabled: true}
Session ID: d062ea00cf71ba3f9aa3bdc0bf1d38c5
*** Element info: {Using=xpath, value=/html/body/form/textarea}
	at sun.reflect.NativeConstructorAccessorImpl.newInstance0(Native Method)
	at sun.reflect.NativeConstructorAccessorImpl.newInstance(NativeConstructorAccessorImpl.java:62)
	at sun.reflect.DelegatingConstructorAccessorImpl.newInstance(DelegatingConstructorAccessorImpl.java:45)
	at java.lang.reflect.Constructor.newInstance(Constructor.java:423)
	at org.openqa.selenium.remote.ErrorHandler.createThrowable(ErrorHandler.java:214)
	at org.openqa.selenium.remote.ErrorHandler.throwIfResponseFailed(ErrorHandler.java:166)
	at org.openqa.selenium.remote.http.JsonHttpResponseCodec.reconstructValue(JsonHttpResponseCodec.java:40)
	at org.openqa.selenium.remote.http.AbstractHttpResponseCodec.decode(AbstractHttpResponseCodec.java:80)
	at org.openqa.selenium.remote.http.AbstractHttpResponseCodec.decode(AbstractHttpResponseCodec.java:44)
	at org.openqa.selenium.remote.HttpCommandExecutor.execute(HttpCommandExecutor.java:158)
	at org.openqa.selenium.remote.service.DriverCommandExecutor.execute(DriverCommandExecutor.java:83)
	at org.openqa.selenium.remote.RemoteWebDriver.execute(RemoteWebDriver.java:545)
	at org.openqa.selenium.remote.RemoteWebDriver.findElement(RemoteWebDriver.java:319)
	at org.openqa.selenium.remote.RemoteWebDriver.findElementByXPath(RemoteWebDriver.java:421)
	at org.openqa.selenium.By$ByXPath.findElement(By.java:361)
	at org.openqa.selenium.remote.RemoteWebDriver.findElement(RemoteWebDriver.java:311)
	at se.iths.helpers.MimicGuiSelenium.sendText(MimicGuiSelenium.java:35)
	at se.iths.stepDefs.SeleniumStepDef.i_input_in_the_response_form_and_press_learn(SeleniumStepDef.java:71)
	at ?.And I input "4" in the response form and press the Learn button(se/iths/testGUI/GuiLearnNextResponse.feature:10)

Then the request "JSON" has the mime type "application/json;"(| "JSON" | "{ 'name':'John', 'age':30 }" | "application/json;" |)  Time elapsed: 0 sec  <<< FAILURE!
java.lang.AssertionError
	at org.junit.Assert.fail(Assert.java:86)
	at org.junit.Assert.assertTrue(Assert.java:41)
	at org.junit.Assert.assertTrue(Assert.java:52)
	at se.iths.stepDefs.MimicStepDef.the_request_has_the_mime_type(MimicStepDef.java:113)
	at ?.Then the request "JSON" has the mime type "application/json;"(se/iths/testGUI/ResponseForm.feature:23)

| "JSON" | "{ 'name':'John', 'age':30 }" | "application/json;" |  Time elapsed: 0.001 sec  <<< FAILURE!
java.lang.AssertionError
	at org.junit.Assert.fail(Assert.java:86)
	at org.junit.Assert.assertTrue(Assert.java:41)
	at org.junit.Assert.assertTrue(Assert.java:52)
	at se.iths.stepDefs.MimicStepDef.the_request_has_the_mime_type(MimicStepDef.java:113)
	at ?.Then the request "JSON" has the mime type "application/json;"(se/iths/testGUI/ResponseForm.feature:23)

Then the request "XML" has the mime type "application/xml;"(| "XML" | "<note><to>Test</to></note>" | "application/xml;" |)  Time elapsed: 0 sec  <<< FAILURE!
java.lang.AssertionError
	at org.junit.Assert.fail(Assert.java:86)
	at org.junit.Assert.assertTrue(Assert.java:41)
	at org.junit.Assert.assertTrue(Assert.java:52)
	at se.iths.stepDefs.MimicStepDef.the_request_has_the_mime_type(MimicStepDef.java:113)
	at ?.Then the request "XML" has the mime type "application/xml;"(se/iths/testGUI/ResponseForm.feature:23)

| "XML" | "<note><to>Test</to></note>" | "application/xml;" |  Time elapsed: 0 sec  <<< FAILURE!
java.lang.AssertionError
	at org.junit.Assert.fail(Assert.java:86)
	at org.junit.Assert.assertTrue(Assert.java:41)
	at org.junit.Assert.assertTrue(Assert.java:52)
	at se.iths.stepDefs.MimicStepDef.the_request_has_the_mime_type(MimicStepDef.java:113)
	at ?.Then the request "XML" has the mime type "application/xml;"(se/iths/testGUI/ResponseForm.feature:23)

Then the request "HTML" has the mime type "text/html;"(| "HTML" | "<html>Det här är HTML</html>" | "text/html;" |)  Time elapsed: 0 sec  <<< FAILURE!
java.lang.AssertionError
	at org.junit.Assert.fail(Assert.java:86)
	at org.junit.Assert.assertTrue(Assert.java:41)
	at org.junit.Assert.assertTrue(Assert.java:52)
	at se.iths.stepDefs.MimicStepDef.the_request_has_the_mime_type(MimicStepDef.java:113)
	at ?.Then the request "HTML" has the mime type "text/html;"(se/iths/testGUI/ResponseForm.feature:23)

| "HTML" | "<html>Det här är HTML</html>" | "text/html;" |  Time elapsed: 0 sec  <<< FAILURE!
java.lang.AssertionError
	at org.junit.Assert.fail(Assert.java:86)
	at org.junit.Assert.assertTrue(Assert.java:41)
	at org.junit.Assert.assertTrue(Assert.java:52)
	at se.iths.stepDefs.MimicStepDef.the_request_has_the_mime_type(MimicStepDef.java:113)
	at ?.Then the request "HTML" has the mime type "text/html;"(se/iths/testGUI/ResponseForm.feature:23)

Then "three" is displayed(Scenario: A request with multiple states displays the selected)  Time elapsed: 0 sec  <<< FAILURE!
org.junit.ComparisonFailure: expected:<[thre]e> but was:<[on]e>
	at org.junit.Assert.assertEquals(Assert.java:115)
	at org.junit.Assert.assertEquals(Assert.java:144)
	at se.iths.stepDefs.SeleniumStepDef.is_displayed(SeleniumStepDef.java:151)
	at ?.Then "three" is displayed(se/iths/testGUI/ViewRequests.feature:66)

Scenario: A request with multiple states displays the selected  Time elapsed: 0 sec  <<< FAILURE!
org.junit.ComparisonFailure: expected:<[thre]e> but was:<[on]e>
	at org.junit.Assert.assertEquals(Assert.java:115)
	at org.junit.Assert.assertEquals(Assert.java:144)
	at se.iths.stepDefs.SeleniumStepDef.is_displayed(SeleniumStepDef.java:151)
	at ?.Then "three" is displayed(se/iths/testGUI/ViewRequests.feature:66)

